<?xml version="1.0" encoding="UTF-8" ?>
<testsuite errors="0" failures="1" hostname="NOTE-FBJF011" name="br.cesjf.dps.DeveloperTests" tests="1" time="0.2" timestamp="2013-05-03T16:29:53">
  <properties />
  <testcase classname="br.cesjf.dps.DeveloperTests" name="testSomething" time="0.07">
    <failure message="junit.framework.AssertionFailedError: Implement me" type="junit.framework.AssertionFailedError">junit.framework.AssertionFailedError: junit.framework.AssertionFailedError: Implement me
	at br.cesjf.dps.DeveloperTests.testSomething(DeveloperTests.groovy:15)
</failure>
  </testcase>
  <system-out><![CDATA[--Output from testSomething--
]]></system-out>
  <system-err><![CDATA[--Output from testSomething--
]]></system-err>
</testsuite>
